TN:
SF:/Users/davidclements/z/nearForm/rfdc/index.js
FN:4,rfdc
FN:9,clone
FN:40,cloneProto
FNF:3
FNH:3
FNDA:2,rfdc
FNDA:37,clone
FNDA:37,cloneProto
DA:2,1
DA:5,2
DA:6,2
DA:7,2
DA:10,37
DA:11,37
DA:12,36
DA:13,32
DA:14,30
DA:15,30
DA:16,45
DA:17,44
DA:18,44
DA:19,1
DA:20,1
DA:22,43
DA:23,1
DA:24,1
DA:26,42
DA:27,13
DA:28,2
DA:29,2
DA:31,11
DA:32,11
DA:34,29
DA:37,30
DA:41,37
DA:42,37
DA:43,36
DA:44,32
DA:45,30
DA:46,30
DA:47,45
DA:48,45
DA:49,1
DA:50,1
DA:52,44
DA:53,1
DA:54,1
DA:56,43
DA:57,13
DA:58,2
DA:59,2
DA:61,11
DA:62,11
DA:64,30
DA:67,30
LF:47
LH:47
BRDA:5,0,0,2
BRDA:5,0,1,1
BRDA:6,1,0,2
BRDA:6,1,1,1
BRDA:7,2,0,1
BRDA:7,2,1,1
BRDA:11,3,0,1
BRDA:11,3,1,36
BRDA:12,4,0,4
BRDA:12,4,1,32
BRDA:12,5,0,36
BRDA:12,5,1,35
BRDA:13,6,0,2
BRDA:13,6,1,30
BRDA:14,7,0,10
BRDA:14,7,1,20
BRDA:16,8,0,1
BRDA:16,8,1,44
BRDA:18,9,0,1
BRDA:18,9,1,43
BRDA:22,10,0,1
BRDA:22,10,1,42
BRDA:26,11,0,13
BRDA:26,11,1,29
BRDA:27,12,0,2
BRDA:27,12,1,11
BRDA:42,13,0,1
BRDA:42,13,1,36
BRDA:43,14,0,4
BRDA:43,14,1,32
BRDA:43,15,0,36
BRDA:43,15,1,35
BRDA:44,16,0,2
BRDA:44,16,1,30
BRDA:45,17,0,10
BRDA:45,17,1,20
BRDA:48,18,0,1
BRDA:48,18,1,44
BRDA:52,19,0,1
BRDA:52,19,1,43
BRDA:56,20,0,13
BRDA:56,20,1,30
BRDA:57,21,0,2
BRDA:57,21,1,11
BRF:44
BRH:44
end_of_record
